Using pre-set license
Built from '2020.3/staging' branch; Version is '2020.3.21f1 (a38c86f6690f) revision 10718342'; Using compiler version '192528614'; Build Type 'Release'
OS: 'Windows 10 Pro; OS build 19042.1415; Version 2009; 64bit' Language: 'es' Physical Memory: 12107 MB
BatchMode: 1, IsHumanControllingUs: 0, StartBugReporterOnCrash: 0, Is64bit: 1, IsPro: 0

COMMAND LINE ARGUMENTS:
F:\programerStuff\unity\2020.3.21f1\Editor\Unity.exe
-adb2
-batchMode
-noUpm
-name
AssetImportWorker0
-projectPath
F:/Escritorio/aprendo/unity/proyecto final/top down
-logFile
Logs/AssetImportWorker0.log
-srvPort
63478
Successfully changed project path to: F:/Escritorio/aprendo/unity/proyecto final/top down
F:/Escritorio/aprendo/unity/proyecto final/top down
Using Asset Import Pipeline V2.
